




This is EPOS!

Setting up this machine as follows: 
  Mode:         library
  Processor:    2 x RV64 at 50 MHz (BUS clock = 50 MHz)
  Machine:      SiFive-U
  Memory:       131072 KB [0x0000000080000000:0x0000000087ffffff]
  User memory:  130944 KB [0x0000000080000000:0x0000000087fe0000]
  I/O space:    524288 KB [0x0000000000000000:0x000000001fffffff]
  Node Id:      will get from the network!
  Position:     will get from the network!

<0>: IC::Exception(5) => {core=0,thread=0x0000000087fdff78,epc=0x80002d10,sp=0x8
7fefb98,status=0x1800,cause=5,tval=18} => data protection violation (read) :<0>
<0>: IC::Exception(7) => {core=0,thread=0x0000000087fdff78,epc=0x80002d24,sp=0x8
7fefb98,status=0x1800,cause=7,tval=98} => data protection violation (write) :<0>

<0>: IC::Exception(7) => {core=0,thread=0x0000000087fdff78,epc=0x80002d30,sp=0x8
7fefb98,status=0x1800,cause=7,tval=0x620} => data protection violation (write) :
<0>
Producer x Consumer
<0>: IC::Exception(5) => {core=0,thread=0x0000000087fdff78,epc=0x80002d10,sp=0x8
7fdfce0,status=0x1880,cause=5,tval=18} => data protection violation (read) :<0>
<0>: IC::Exception(7) => {core=0,thread=0x0000000087fdff78,epc=0x80002d24,sp=0x8
7fdfce0,status=0x1880,cause=7,tval=98} => data protection violation (write) :<0>

<0>: IC::Exception(7) => {core=0,thread=0x0000000087fdff78,epc=0x80002d30,sp=0x8
7fdfce0,status=0x1880,cause=7,tval=0x620} => data protection violation (write) :
<0>
